Using pre-set license

 COMMAND LINE ARGUMENTS:
/Applications/Unity/Hub/Editor/2020.3.3f1/Unity.app/Contents/MacOS/Unity
-adb2
-batchMode
-noUpm
-name
AssetImportWorker0
-projectPath
/Users/pablonicoli/CreateWithCode/Realm Rush
-logFile
Logs/AssetImportWorker0.log
-srvPort
56168
Successfully changed project path to: /Users/pablonicoli/CreateWithCode/Realm Rush
/Users/pablonicoli/CreateWithCode/Realm Rush
Using Asset Import Pipeline V2.
Refreshing native plugins compatible for Editor in 36.48 ms, found 1 plugins.
Preloading 0 native plugins for Editor in 0.00 ms.
Initialize engine version: 2020.3.3f1 (76626098c1c4)
[Subsystems] Discovering subsystems at path /Applications/Unity/Hub/Editor/2020.3.3f1/Unity.app/Contents/Resources/UnitySubsystems
[Subsystems] Discovering subsystems at path /Users/pablonicoli/CreateWithCode/Realm Rush/Assets
GfxDevice: creating device client; threaded=0
2021-04-15 11:16:45.235 Unity[4951:11695426] Color LCD preferred device: NVIDIA GeForce GT 650M (high power)
2021-04-15 11:16:45.235 Unity[4951:11695426] Metal devices available: 2
2021-04-15 11:16:45.235 Unity[4951:11695426] 0: NVIDIA GeForce GT 650M (high power)
2021-04-15 11:16:45.235 Unity[4951:11695426] 1: Intel HD Graphics 4000 (low power)
2021-04-15 11:16:45.238 Unity[4951:11695426] Using device NVIDIA GeForce GT 650M (high power)
Initializing Metal device caps: NVIDIA GeForce GT 650M
Initialize mono
Mono path[0] = '/Applications/Unity/Hub/Editor/2020.3.3f1/Unity.app/Contents/Managed'
Mono path[1] = '/Applications/Unity/Hub/Editor/2020.3.3f1/Unity.app/Contents/MonoBleedingEdge/lib/mono/unityjit'
Mono config path = '/Applications/Unity/Hub/Editor/2020.3.3f1/Unity.app/Contents/MonoBleedingEdge/etc'
Using monoOptions --debugger-agent=transport=dt_socket,embedding=1,server=y,suspend=n,address=127.0.0.1:56951
Begin MonoManager ReloadAssembly
Registering precompiled unity dll's ...
Register platform support module: /Applications/Unity/Hub/Editor/2020.3.3f1/Unity.app/Contents/PlaybackEngines/MacStandaloneSupport/UnityEditor.OSXStandalone.Extensions.dll
Registered in 0.001574 seconds.
Native extension for OSXStandalone target not found
Refreshing native plugins compatible for Editor in 35.97 ms, found 1 plugins.
Preloading 0 native plugins for Editor in 0.00 ms.
Invoked RoslynAnalysisRunner static constructor.
RoslynAnalysisRunner will not be running.
RoslynAnalysisRunner has terminated.
Mono: successfully reloaded assembly
- Completed reload, in  1.963 seconds
Platform modules already initialized, skipping
Registering precompiled user dll's ...
Registered in 0.000967 seconds.
Begin MonoManager ReloadAssembly
Native extension for OSXStandalone target not found
Refreshing native plugins compatible for Editor in 0.28 ms, found 1 plugins.
Preloading 0 native plugins for Editor in 0.00 ms.
Invoked RoslynAnalysisRunner static constructor.
RoslynAnalysisRunner will not be running.
RoslynAnalysisRunner has terminated.
Mono: successfully reloaded assembly
- Completed reload, in  1.389 seconds
Platform modules already initialized, skipping
========================================================================
Worker process is ready to serve import requests
Launching external process: /Applications/Unity/Hub/Editor/2020.3.3f1/Unity.app/Contents/Tools/UnityShaderCompiler
Launched and connected shader compiler UnityShaderCompiler after 0.02 seconds
Refreshing native plugins compatible for Editor in 0.26 ms, found 1 plugins.
Preloading 0 native plugins for Editor in 0.00 ms.
Unloading 1137 Unused Serialized files (Serialized files now loaded: 0)
System memory in use before: 111.3 MB.
System memory in use after: 111.4 MB.

Unloading 9 unused Assets to reduce memory usage. Loaded Objects now: 1580.
Total: 2.129301 ms (FindLiveObjects: 0.172869 ms CreateObjectMapping: 0.044953 ms MarkObjects: 1.816043 ms  DeleteObjects: 0.093661 ms)

========================================================================
Received Import Request.
  path: Assets/Scenes
  artifactKey: Guid(9648da2705c4e48f7988a1ef1c046cbb) Importer(815301076,1909f56bfc062723c751e8b465ee728b)
Start importing Assets/Scenes using Guid(9648da2705c4e48f7988a1ef1c046cbb) Importer(815301076,1909f56bfc062723c751e8b465ee728b)  -> (artifact id: '749a62bcdc64e9ef2a2a199a26ace7af') in 0.004135 seconds
  Import took 0.006438 seconds .

========================================================================
Received Import Request.
  Time since last request: 0.000242 seconds.
  path: Assets/Scenes/SampleSceneSettings.lighting
  artifactKey: Guid(ff250673478904b6a9820d876cdc4817) Importer(815301076,1909f56bfc062723c751e8b465ee728b)
Start importing Assets/Scenes/SampleSceneSettings.lighting using Guid(ff250673478904b6a9820d876cdc4817) Importer(815301076,1909f56bfc062723c751e8b465ee728b)  -> (artifact id: '2525cf78fa834824dfde88e0b5ce429d') in 0.262808 seconds
  Import took 0.265856 seconds .

========================================================================
Received Import Request.
  Time since last request: 1.030586 seconds.
  path: Assets/Scenes/Game.unity
  artifactKey: Guid(9fc0d4010bbf28b4594072e72b8655ab) Importer(815301076,1909f56bfc062723c751e8b465ee728b)
Start importing Assets/Scenes/Game.unity using Guid(9fc0d4010bbf28b4594072e72b8655ab) Importer(815301076,1909f56bfc062723c751e8b465ee728b)  -> (artifact id: 'd2d3c3f2f5556a31b111ba40a9cf2e73') in 0.001766 seconds
  Import took 0.004044 seconds .

========================================================================
Received Import Request.
  Time since last request: 0.001378 seconds.
  path: Assets/Scenes/Game.unity
  artifactKey: Guid(9fc0d4010bbf28b4594072e72b8655ab) Importer(815301076,1909f56bfc062723c751e8b465ee728b)
Start importing Assets/Scenes/Game.unity using Guid(9fc0d4010bbf28b4594072e72b8655ab) Importer(815301076,1909f56bfc062723c751e8b465ee728b)  -> (artifact id: 'd2d3c3f2f5556a31b111ba40a9cf2e73') in 0.001426 seconds
  Import took 0.003876 seconds .

========================================================================
Received Prepare
Registering precompiled user dll's ...
Registered in 0.000416 seconds.
Begin MonoManager ReloadAssembly
Native extension for OSXStandalone target not found
Refreshing native plugins compatible for Editor in 0.26 ms, found 1 plugins.
Preloading 0 native plugins for Editor in 0.00 ms.
Invoked RoslynAnalysisRunner static constructor.
RoslynAnalysisRunner will not be running.
RoslynAnalysisRunner has terminated.
Mono: successfully reloaded assembly
- Completed reload, in  1.339 seconds
Platform modules already initialized, skipping
Refreshing native plugins compatible for Editor in 0.28 ms, found 1 plugins.
Preloading 0 native plugins for Editor in 0.00 ms.
Unloading 1118 Unused Serialized files (Serialized files now loaded: 0)
System memory in use before: 114.5 MB.
System memory in use after: 114.6 MB.

Unloading 4 unused Assets to reduce memory usage. Loaded Objects now: 1583.
Total: 1.925124 ms (FindLiveObjects: 0.171453 ms CreateObjectMapping: 0.049827 ms MarkObjects: 1.675433 ms  DeleteObjects: 0.026836 ms)

